0 info it worked if it ends with ok
1 verbose cli [ '/Users/Youngbye/.nvm/v0.10.32/bin/node',
1 verbose cli   '/Users/Youngbye/.nvm/v0.10.32/bin/npm',
1 verbose cli   'install',
1 verbose cli   'moogoose' ]
2 info using npm@1.4.28
3 info using node@v0.10.32
4 verbose cache add [ 'moogoose', null ]
5 verbose cache add name=undefined spec="moogoose" args=["moogoose",null]
6 verbose parsed url { protocol: null,
6 verbose parsed url   slashes: null,
6 verbose parsed url   auth: null,
6 verbose parsed url   host: null,
6 verbose parsed url   port: null,
6 verbose parsed url   hostname: null,
6 verbose parsed url   hash: null,
6 verbose parsed url   search: null,
6 verbose parsed url   query: null,
6 verbose parsed url   pathname: 'moogoose',
6 verbose parsed url   path: 'moogoose',
6 verbose parsed url   href: 'moogoose' }
7 silly lockFile 378d2a03-moogoose moogoose
8 verbose lock moogoose /Users/Youngbye/.npm/378d2a03-moogoose.lock
9 silly lockFile 378d2a03-moogoose moogoose
10 silly lockFile 378d2a03-moogoose moogoose
11 verbose addNamed [ 'moogoose', '' ]
12 verbose addNamed [ null, '*' ]
13 silly lockFile f84c70d8-moogoose moogoose@
14 verbose lock moogoose@ /Users/Youngbye/.npm/f84c70d8-moogoose.lock
15 silly addNameRange { name: 'moogoose', range: '*', hasData: false }
16 verbose request where is /moogoose
17 verbose request registry https://registry.npmjs.org/
18 verbose request id dd03a7b9158454be
19 verbose url raw /moogoose
20 verbose url resolving [ 'https://registry.npmjs.org/', './moogoose' ]
21 verbose url resolved https://registry.npmjs.org/moogoose
22 verbose request where is https://registry.npmjs.org/moogoose
23 info trying registry request attempt 1 at 22:10:24
24 http GET https://registry.npmjs.org/moogoose
25 http 404 https://registry.npmjs.org/moogoose
26 silly registry.get cb [ 404,
26 silly registry.get   { 'content-type': 'application/json',
26 silly registry.get     'cache-control': 'max-age=0',
26 silly registry.get     'content-length': '2',
26 silly registry.get     'accept-ranges': 'bytes',
26 silly registry.get     date: 'Wed, 18 Nov 2015 14:10:25 GMT',
26 silly registry.get     via: '1.1 varnish',
26 silly registry.get     age: '0',
26 silly registry.get     connection: 'keep-alive',
26 silly registry.get     'x-served-by': 'cache-nrt6122-NRT',
26 silly registry.get     'x-cache': 'MISS',
26 silly registry.get     'x-cache-hits': '0',
26 silly registry.get     'x-timer': 'S1447855825.399515,VS0,VE568' } ]
27 silly lockFile f84c70d8-moogoose moogoose@
28 silly lockFile f84c70d8-moogoose moogoose@
29 error 404 Not Found
29 error 404
29 error 404 'moogoose' is not in the npm registry.
29 error 404 You should bug the author to publish it
29 error 404
29 error 404 Note that you can also install from a
29 error 404 tarball, folder, or http url, or git url.
30 error System Darwin 15.0.0
31 error command "/Users/Youngbye/.nvm/v0.10.32/bin/node" "/Users/Youngbye/.nvm/v0.10.32/bin/npm" "install" "moogoose"
32 error cwd /Users/Youngbye/pro/2015proExtra/moogoose
33 error node -v v0.10.32
34 error npm -v 1.4.28
35 error code E404
36 verbose exit [ 1, true ]
